This is pdfTeX, Version 3.141592653-2.6-1.40.24 (TeX Live 2022) (preloaded format=latex 2023.12.2)  11 DEC 2023 17:23
entering extended mode
 restricted \write18 enabled.
 Source specials enabled.
 %&-line parsing enabled.
**kaggle-report.tex
(./kaggle-report.tex
LaTeX2e <2021-11-15> patch level 1
L3 programming layer <2022-02-24>
(d:/software/texlive/texlive/2022/texmf-dist/tex/latex/amscls/amsart.cls
Document Class: amsart 2020/05/29 v2.20.6
\linespacing=\dimen138
\normalparindent=\dimen139
\normaltopskip=\skip47
(d:/software/texlive/texlive/2022/texmf-dist/tex/latex/amsmath/amsmath.sty
Package: amsmath 2021/10/15 v2.17l AMS math features
\@mathmargin=\skip48

For additional information on amsmath, use the `?' option.
(d:/software/texlive/texlive/2022/texmf-dist/tex/latex/amsmath/amstext.sty
Package: amstext 2021/08/26 v2.01 AMS text

(d:/software/texlive/texlive/2022/texmf-dist/tex/latex/amsmath/amsgen.sty
File: amsgen.sty 1999/11/30 v2.0 generic functions
\@emptytoks=\toks16
\ex@=\dimen140
))
(d:/software/texlive/texlive/2022/texmf-dist/tex/latex/amsmath/amsbsy.sty
Package: amsbsy 1999/11/29 v1.2d Bold Symbols
\pmbraise@=\dimen141
)
(d:/software/texlive/texlive/2022/texmf-dist/tex/latex/amsmath/amsopn.sty
Package: amsopn 2021/08/26 v2.02 operator names
)
\inf@bad=\count185
LaTeX Info: Redefining \frac on input line 234.
\uproot@=\count186
\leftroot@=\count187
LaTeX Info: Redefining \overline on input line 399.
\classnum@=\count188
\DOTSCASE@=\count189
LaTeX Info: Redefining \ldots on input line 496.
LaTeX Info: Redefining \dots on input line 499.
LaTeX Info: Redefining \cdots on input line 620.
\Mathstrutbox@=\box50
\strutbox@=\box51
\big@size=\dimen142
LaTeX Font Info:    Redeclaring font encoding OML on input line 743.
LaTeX Font Info:    Redeclaring font encoding OMS on input line 744.
\macc@depth=\count190
\c@MaxMatrixCols=\count191
\dotsspace@=\muskip16
\c@parentequation=\count192
\dspbrk@lvl=\count193
\tag@help=\toks17
\row@=\count194
\column@=\count195
\maxfields@=\count196
\andhelp@=\toks18
\eqnshift@=\dimen143
\alignsep@=\dimen144
\tagshift@=\dimen145
\tagwidth@=\dimen146
\totwidth@=\dimen147
\lineht@=\dimen148
\@envbody=\toks19
\multlinegap=\skip49
\multlinetaggap=\skip50
\mathdisplay@stack=\toks20
LaTeX Info: Redefining \[ on input line 2938.
LaTeX Info: Redefining \] on input line 2939.
)
LaTeX Font Info:    Trying to load font information for U+msa on input line 397
.

(d:/software/texlive/texlive/2022/texmf-dist/tex/latex/amsfonts/umsa.fd
File: umsa.fd 2013/01/14 v3.01 AMS symbols A
)
(d:/software/texlive/texlive/2022/texmf-dist/tex/latex/amsfonts/amsfonts.sty
Package: amsfonts 2013/01/14 v3.01 Basic AMSFonts support
\symAMSa=\mathgroup4
\symAMSb=\mathgroup5
LaTeX Font Info:    Redeclaring math symbol \hbar on input line 98.
LaTeX Font Info:    Overwriting math alphabet `\mathfrak' in version `bold'
(Font)                  U/euf/m/n --> U/euf/b/n on input line 106.
)
\copyins=\insert199
\abstractbox=\box52
\listisep=\skip51
\c@part=\count197
\c@section=\count198
\c@subsection=\count266
\c@subsubsection=\count267
\c@paragraph=\count268
\c@subparagraph=\count269
\c@figure=\count270
\c@table=\count271
\abovecaptionskip=\skip52
\belowcaptionskip=\skip53
\captionindent=\dimen149
\thm@style=\toks21
\thm@bodyfont=\toks22
\thm@headfont=\toks23
\thm@notefont=\toks24
\thm@headpunct=\toks25
\thm@preskip=\skip54
\thm@postskip=\skip55
\thm@headsep=\skip56
\dth@everypar=\toks26
)
\DraftStatus=\count272

(d:/software/texlive/texlive/2022/texmf-dist/tex/latex/comment/comment.sty
\CommentStream=\write3

Excluding comment 'comment') Include comment 'JournalOnly'
Include comment 'ConferenceOnly' Include comment 'TulipStyle' (./preamble.tex
\DraftStatus=\count273

(d:/software/texlive/texlive/2022/texmf-dist/tex/latex/todonotes/todonotes.sty
Package: todonotes 2021/06/04 v1.1.5 Todonotes source and documentation.
Package: todonotes 2021/06/04

(d:/software/texlive/texlive/2022/texmf-dist/tex/latex/base/ifthen.sty
Package: ifthen 2020/11/24 v1.1c Standard LaTeX ifthen package (DPC)
)
(d:/software/texlive/texlive/2022/texmf-dist/tex/latex/xkeyval/xkeyval.sty
Package: xkeyval 2020/11/20 v2.8 package option processing (HA)

(d:/software/texlive/texlive/2022/texmf-dist/tex/generic/xkeyval/xkeyval.tex
(d:/software/texlive/texlive/2022/texmf-dist/tex/generic/xkeyval/xkvutils.tex
\XKV@toks=\toks27
\XKV@tempa@toks=\toks28

(d:/software/texlive/texlive/2022/texmf-dist/tex/generic/xkeyval/keyval.tex))
\XKV@depth=\count274
File: xkeyval.tex 2014/12/03 v2.7a key=value parser (HA)
)) (d:/software/texlive/texlive/2022/texmf-dist/tex/latex/xcolor/xcolor.sty
Package: xcolor 2021/10/31 v2.13 LaTeX color extensions (UK)

(d:/software/texlive/texlive/2022/texmf-dist/tex/latex/graphics-cfg/color.cfg
File: color.cfg 2016/01/02 v1.6 sample color configuration
)
Package xcolor Info: Driver file: dvips.def on input line 227.

(d:/software/texlive/texlive/2022/texmf-dist/tex/latex/graphics-def/dvips.def
File: dvips.def 2017/06/20 v3.1d Graphics/color driver for dvips
)
Package xcolor Info: Model `cmy' substituted by `cmy0' on input line 1352.
Package xcolor Info: Model `RGB' extended on input line 1368.
Package xcolor Info: Model `HTML' substituted by `rgb' on input line 1370.
Package xcolor Info: Model `Hsb' substituted by `hsb' on input line 1371.
Package xcolor Info: Model `tHsb' substituted by `hsb' on input line 1372.
Package xcolor Info: Model `HSB' substituted by `hsb' on input line 1373.
Package xcolor Info: Model `Gray' substituted by `gray' on input line 1374.
Package xcolor Info: Model `wave' substituted by `hsb' on input line 1375.
)
(d:/software/texlive/texlive/2022/texmf-dist/tex/latex/pgf/frontendlayer/tikz.s
ty
(d:/software/texlive/texlive/2022/texmf-dist/tex/latex/pgf/basiclayer/pgf.sty
(d:/software/texlive/texlive/2022/texmf-dist/tex/latex/pgf/utilities/pgfrcs.sty

(d:/software/texlive/texlive/2022/texmf-dist/tex/generic/pgf/utilities/pgfutil-
common.tex
\pgfutil@everybye=\toks29
\pgfutil@tempdima=\dimen150
\pgfutil@tempdimb=\dimen151

(d:/software/texlive/texlive/2022/texmf-dist/tex/generic/pgf/utilities/pgfutil-
common-lists.tex))
(d:/software/texlive/texlive/2022/texmf-dist/tex/generic/pgf/utilities/pgfutil-
latex.def
\pgfutil@abb=\box53
)
(d:/software/texlive/texlive/2022/texmf-dist/tex/generic/pgf/utilities/pgfrcs.c
ode.tex
(d:/software/texlive/texlive/2022/texmf-dist/tex/generic/pgf/pgf.revision.tex)
Package: pgfrcs 2021/05/15 v3.1.9a (3.1.9a)
))
Package: pgf 2021/05/15 v3.1.9a (3.1.9a)

(d:/software/texlive/texlive/2022/texmf-dist/tex/latex/pgf/basiclayer/pgfcore.s
ty (d:/software/texlive/texlive/2022/texmf-dist/tex/latex/graphics/graphicx.sty
Package: graphicx 2021/09/16 v1.2d Enhanced LaTeX Graphics (DPC,SPQR)
(d:/software/texlive/texlive/2022/texmf-dist/tex/latex/graphics/graphics.sty
Package: graphics 2021/03/04 v1.4d Standard LaTeX Graphics (DPC,SPQR)

(d:/software/texlive/texlive/2022/texmf-dist/tex/latex/graphics/trig.sty
Package: trig 2021/08/11 v1.11 sin cos tan (DPC)
)
(d:/software/texlive/texlive/2022/texmf-dist/tex/latex/graphics-cfg/graphics.cf
g
File: graphics.cfg 2016/06/04 v1.11 sample graphics configuration
)
Package graphics Info: Driver file: dvips.def on input line 107.
)
\Gin@req@height=\dimen152
\Gin@req@width=\dimen153
)
(d:/software/texlive/texlive/2022/texmf-dist/tex/latex/pgf/systemlayer/pgfsys.s
ty
(d:/software/texlive/texlive/2022/texmf-dist/tex/generic/pgf/systemlayer/pgfsys
.code.tex
Package: pgfsys 2021/05/15 v3.1.9a (3.1.9a)

(d:/software/texlive/texlive/2022/texmf-dist/tex/generic/pgf/utilities/pgfkeys.
code.tex
\pgfkeys@pathtoks=\toks30
\pgfkeys@temptoks=\toks31

(d:/software/texlive/texlive/2022/texmf-dist/tex/generic/pgf/utilities/pgfkeysf
iltered.code.tex
\pgfkeys@tmptoks=\toks32
))
\pgf@x=\dimen154
\pgf@y=\dimen155
\pgf@xa=\dimen156
\pgf@ya=\dimen157
\pgf@xb=\dimen158
\pgf@yb=\dimen159
\pgf@xc=\dimen160
\pgf@yc=\dimen161
\pgf@xd=\dimen162
\pgf@yd=\dimen163
\w@pgf@writea=\write4
\r@pgf@reada=\read2
\c@pgf@counta=\count275
\c@pgf@countb=\count276
\c@pgf@countc=\count277
\c@pgf@countd=\count278
\t@pgf@toka=\toks33
\t@pgf@tokb=\toks34
\t@pgf@tokc=\toks35
\pgf@sys@id@count=\count279

(d:/software/texlive/texlive/2022/texmf-dist/tex/generic/pgf/systemlayer/pgf.cf
g
File: pgf.cfg 2021/05/15 v3.1.9a (3.1.9a)
)
Driver file for pgf: pgfsys-dvips.def

(d:/software/texlive/texlive/2022/texmf-dist/tex/generic/pgf/systemlayer/pgfsys
-dvips.def
File: pgfsys-dvips.def 2021/05/15 v3.1.9a (3.1.9a)

(d:/software/texlive/texlive/2022/texmf-dist/tex/generic/pgf/systemlayer/pgfsys
-common-postscript.def
File: pgfsys-common-postscript.def 2021/05/15 v3.1.9a (3.1.9a)
\pgf@objectcount=\count280
)))
(d:/software/texlive/texlive/2022/texmf-dist/tex/generic/pgf/systemlayer/pgfsys
softpath.code.tex
File: pgfsyssoftpath.code.tex 2021/05/15 v3.1.9a (3.1.9a)
\pgfsyssoftpath@smallbuffer@items=\count281
\pgfsyssoftpath@bigbuffer@items=\count282
)
(d:/software/texlive/texlive/2022/texmf-dist/tex/generic/pgf/systemlayer/pgfsys
protocol.code.tex
File: pgfsysprotocol.code.tex 2021/05/15 v3.1.9a (3.1.9a)
))
(d:/software/texlive/texlive/2022/texmf-dist/tex/generic/pgf/basiclayer/pgfcore
.code.tex
Package: pgfcore 2021/05/15 v3.1.9a (3.1.9a)

(d:/software/texlive/texlive/2022/texmf-dist/tex/generic/pgf/math/pgfmath.code.
tex
(d:/software/texlive/texlive/2022/texmf-dist/tex/generic/pgf/math/pgfmathcalc.c
ode.tex
(d:/software/texlive/texlive/2022/texmf-dist/tex/generic/pgf/math/pgfmathutil.c
ode.tex)
(d:/software/texlive/texlive/2022/texmf-dist/tex/generic/pgf/math/pgfmathparser
.code.tex
\pgfmath@dimen=\dimen164
\pgfmath@count=\count283
\pgfmath@box=\box54
\pgfmath@toks=\toks36
\pgfmath@stack@operand=\toks37
\pgfmath@stack@operation=\toks38
)
(d:/software/texlive/texlive/2022/texmf-dist/tex/generic/pgf/math/pgfmathfuncti
ons.code.tex
(d:/software/texlive/texlive/2022/texmf-dist/tex/generic/pgf/math/pgfmathfuncti
ons.basic.code.tex)
(d:/software/texlive/texlive/2022/texmf-dist/tex/generic/pgf/math/pgfmathfuncti
ons.trigonometric.code.tex)
(d:/software/texlive/texlive/2022/texmf-dist/tex/generic/pgf/math/pgfmathfuncti
ons.random.code.tex)
(d:/software/texlive/texlive/2022/texmf-dist/tex/generic/pgf/math/pgfmathfuncti
ons.comparison.code.tex)
(d:/software/texlive/texlive/2022/texmf-dist/tex/generic/pgf/math/pgfmathfuncti
ons.base.code.tex)
(d:/software/texlive/texlive/2022/texmf-dist/tex/generic/pgf/math/pgfmathfuncti
ons.round.code.tex)
(d:/software/texlive/texlive/2022/texmf-dist/tex/generic/pgf/math/pgfmathfuncti
ons.misc.code.tex)
(d:/software/texlive/texlive/2022/texmf-dist/tex/generic/pgf/math/pgfmathfuncti
ons.integerarithmetics.code.tex)))
(d:/software/texlive/texlive/2022/texmf-dist/tex/generic/pgf/math/pgfmathfloat.
code.tex
\c@pgfmathroundto@lastzeros=\count284
))
(d:/software/texlive/texlive/2022/texmf-dist/tex/generic/pgf/math/pgfint.code.t
ex)
(d:/software/texlive/texlive/2022/texmf-dist/tex/generic/pgf/basiclayer/pgfcore
points.code.tex
File: pgfcorepoints.code.tex 2021/05/15 v3.1.9a (3.1.9a)
\pgf@picminx=\dimen165
\pgf@picmaxx=\dimen166
\pgf@picminy=\dimen167
\pgf@picmaxy=\dimen168
\pgf@pathminx=\dimen169
\pgf@pathmaxx=\dimen170
\pgf@pathminy=\dimen171
\pgf@pathmaxy=\dimen172
\pgf@xx=\dimen173
\pgf@xy=\dimen174
\pgf@yx=\dimen175
\pgf@yy=\dimen176
\pgf@zx=\dimen177
\pgf@zy=\dimen178
)
(d:/software/texlive/texlive/2022/texmf-dist/tex/generic/pgf/basiclayer/pgfcore
pathconstruct.code.tex
File: pgfcorepathconstruct.code.tex 2021/05/15 v3.1.9a (3.1.9a)
\pgf@path@lastx=\dimen179
\pgf@path@lasty=\dimen180
)
(d:/software/texlive/texlive/2022/texmf-dist/tex/generic/pgf/basiclayer/pgfcore
pathusage.code.tex
File: pgfcorepathusage.code.tex 2021/05/15 v3.1.9a (3.1.9a)
\pgf@shorten@end@additional=\dimen181
\pgf@shorten@start@additional=\dimen182
)
(d:/software/texlive/texlive/2022/texmf-dist/tex/generic/pgf/basiclayer/pgfcore
scopes.code.tex
File: pgfcorescopes.code.tex 2021/05/15 v3.1.9a (3.1.9a)
\pgfpic=\box55
\pgf@hbox=\box56
\pgf@layerbox@main=\box57
\pgf@picture@serial@count=\count285
)
(d:/software/texlive/texlive/2022/texmf-dist/tex/generic/pgf/basiclayer/pgfcore
graphicstate.code.tex
File: pgfcoregraphicstate.code.tex 2021/05/15 v3.1.9a (3.1.9a)
\pgflinewidth=\dimen183
)
(d:/software/texlive/texlive/2022/texmf-dist/tex/generic/pgf/basiclayer/pgfcore
transformations.code.tex
File: pgfcoretransformations.code.tex 2021/05/15 v3.1.9a (3.1.9a)
\pgf@pt@x=\dimen184
\pgf@pt@y=\dimen185
\pgf@pt@temp=\dimen186
)
(d:/software/texlive/texlive/2022/texmf-dist/tex/generic/pgf/basiclayer/pgfcore
quick.code.tex
File: pgfcorequick.code.tex 2021/05/15 v3.1.9a (3.1.9a)
)
(d:/software/texlive/texlive/2022/texmf-dist/tex/generic/pgf/basiclayer/pgfcore
objects.code.tex
File: pgfcoreobjects.code.tex 2021/05/15 v3.1.9a (3.1.9a)
)
(d:/software/texlive/texlive/2022/texmf-dist/tex/generic/pgf/basiclayer/pgfcore
pathprocessing.code.tex
File: pgfcorepathprocessing.code.tex 2021/05/15 v3.1.9a (3.1.9a)
)
(d:/software/texlive/texlive/2022/texmf-dist/tex/generic/pgf/basiclayer/pgfcore
arrows.code.tex
File: pgfcorearrows.code.tex 2021/05/15 v3.1.9a (3.1.9a)
\pgfarrowsep=\dimen187
)
(d:/software/texlive/texlive/2022/texmf-dist/tex/generic/pgf/basiclayer/pgfcore
shade.code.tex
File: pgfcoreshade.code.tex 2021/05/15 v3.1.9a (3.1.9a)
\pgf@max=\dimen188
\pgf@sys@shading@range@num=\count286
\pgf@shadingcount=\count287
)
(d:/software/texlive/texlive/2022/texmf-dist/tex/generic/pgf/basiclayer/pgfcore
image.code.tex
File: pgfcoreimage.code.tex 2021/05/15 v3.1.9a (3.1.9a)

(d:/software/texlive/texlive/2022/texmf-dist/tex/generic/pgf/basiclayer/pgfcore
external.code.tex
File: pgfcoreexternal.code.tex 2021/05/15 v3.1.9a (3.1.9a)
\pgfexternal@startupbox=\box58
))
(d:/software/texlive/texlive/2022/texmf-dist/tex/generic/pgf/basiclayer/pgfcore
layers.code.tex
File: pgfcorelayers.code.tex 2021/05/15 v3.1.9a (3.1.9a)
)
(d:/software/texlive/texlive/2022/texmf-dist/tex/generic/pgf/basiclayer/pgfcore
transparency.code.tex
File: pgfcoretransparency.code.tex 2021/05/15 v3.1.9a (3.1.9a)
)
(d:/software/texlive/texlive/2022/texmf-dist/tex/generic/pgf/basiclayer/pgfcore
patterns.code.tex
File: pgfcorepatterns.code.tex 2021/05/15 v3.1.9a (3.1.9a)
)
(d:/software/texlive/texlive/2022/texmf-dist/tex/generic/pgf/basiclayer/pgfcore
rdf.code.tex
File: pgfcorerdf.code.tex 2021/05/15 v3.1.9a (3.1.9a)
)))
(d:/software/texlive/texlive/2022/texmf-dist/tex/generic/pgf/modules/pgfmodules
hapes.code.tex
File: pgfmoduleshapes.code.tex 2021/05/15 v3.1.9a (3.1.9a)
\pgfnodeparttextbox=\box59
)
(d:/software/texlive/texlive/2022/texmf-dist/tex/generic/pgf/modules/pgfmodulep
lot.code.tex
File: pgfmoduleplot.code.tex 2021/05/15 v3.1.9a (3.1.9a)
)
(d:/software/texlive/texlive/2022/texmf-dist/tex/latex/pgf/compatibility/pgfcom
p-version-0-65.sty
Package: pgfcomp-version-0-65 2021/05/15 v3.1.9a (3.1.9a)
\pgf@nodesepstart=\dimen189
\pgf@nodesepend=\dimen190
)
(d:/software/texlive/texlive/2022/texmf-dist/tex/latex/pgf/compatibility/pgfcom
p-version-1-18.sty
Package: pgfcomp-version-1-18 2021/05/15 v3.1.9a (3.1.9a)
))
(d:/software/texlive/texlive/2022/texmf-dist/tex/latex/pgf/utilities/pgffor.sty

(d:/software/texlive/texlive/2022/texmf-dist/tex/latex/pgf/utilities/pgfkeys.st
y
(d:/software/texlive/texlive/2022/texmf-dist/tex/generic/pgf/utilities/pgfkeys.
code.tex))
(d:/software/texlive/texlive/2022/texmf-dist/tex/latex/pgf/math/pgfmath.sty
(d:/software/texlive/texlive/2022/texmf-dist/tex/generic/pgf/math/pgfmath.code.
tex))
(d:/software/texlive/texlive/2022/texmf-dist/tex/generic/pgf/utilities/pgffor.c
ode.tex
Package: pgffor 2021/05/15 v3.1.9a (3.1.9a)

(d:/software/texlive/texlive/2022/texmf-dist/tex/generic/pgf/math/pgfmath.code.
tex)
\pgffor@iter=\dimen191
\pgffor@skip=\dimen192
\pgffor@stack=\toks39
\pgffor@toks=\toks40
))
(d:/software/texlive/texlive/2022/texmf-dist/tex/generic/pgf/frontendlayer/tikz
/tikz.code.tex
Package: tikz 2021/05/15 v3.1.9a (3.1.9a)

(d:/software/texlive/texlive/2022/texmf-dist/tex/generic/pgf/libraries/pgflibra
ryplothandlers.code.tex
File: pgflibraryplothandlers.code.tex 2021/05/15 v3.1.9a (3.1.9a)
\pgf@plot@mark@count=\count288
\pgfplotmarksize=\dimen193
)
\tikz@lastx=\dimen194
\tikz@lasty=\dimen195
\tikz@lastxsaved=\dimen196
\tikz@lastysaved=\dimen197
\tikz@lastmovetox=\dimen198
\tikz@lastmovetoy=\dimen256
\tikzleveldistance=\dimen257
\tikzsiblingdistance=\dimen258
\tikz@figbox=\box60
\tikz@figbox@bg=\box61
\tikz@tempbox=\box62
\tikz@tempbox@bg=\box63
\tikztreelevel=\count289
\tikznumberofchildren=\count290
\tikznumberofcurrentchild=\count291
\tikz@fig@count=\count292

(d:/software/texlive/texlive/2022/texmf-dist/tex/generic/pgf/modules/pgfmodulem
atrix.code.tex
File: pgfmodulematrix.code.tex 2021/05/15 v3.1.9a (3.1.9a)
\pgfmatrixcurrentrow=\count293
\pgfmatrixcurrentcolumn=\count294
\pgf@matrix@numberofcolumns=\count295
)
\tikz@expandcount=\count296

(d:/software/texlive/texlive/2022/texmf-dist/tex/generic/pgf/frontendlayer/tikz
/libraries/tikzlibrarytopaths.code.tex
File: tikzlibrarytopaths.code.tex 2021/05/15 v3.1.9a (3.1.9a)
)))
(d:/software/texlive/texlive/2022/texmf-dist/tex/generic/pgf/frontendlayer/tikz
/libraries/tikzlibrarypositioning.code.tex
File: tikzlibrarypositioning.code.tex 2021/05/15 v3.1.9a (3.1.9a)
)
(d:/software/texlive/texlive/2022/texmf-dist/tex/latex/tools/calc.sty
Package: calc 2017/05/25 v4.3 Infix arithmetic (KKT,FJ)
\calc@Acount=\count297
\calc@Bcount=\count298
\calc@Adimen=\dimen259
\calc@Bdimen=\dimen260
\calc@Askip=\skip57
\calc@Bskip=\skip58
LaTeX Info: Redefining \setlength on input line 80.
LaTeX Info: Redefining \addtolength on input line 81.
\calc@Ccount=\count299
\calc@Cskip=\skip59
)
\c@@todonotes@numberoftodonotes=\count300
)
(d:/software/texlive/texlive/2022/texmf-dist/tex/latex/algorithms/algorithm.sty
Package: algorithm 2009/08/24 v0.1 Document Style `algorithm' - floating enviro
nment
(d:/software/texlive/texlive/2022/texmf-dist/tex/latex/float/float.sty
Package: float 2001/11/08 v1.3d Float enhancements (AL)
\c@float@type=\count301
\float@exts=\toks41
\float@box=\box64
\@float@everytoks=\toks42
\@floatcapt=\box65
)
\@float@every@algorithm=\toks43
\c@algorithm=\count302
)
(d:/software/texlive/texlive/2022/texmf-dist/tex/latex/algorithms/algorithmic.s
ty
Package: algorithmic 2009/08/24 v0.1 Document Style `algorithmic'
\c@ALC@unique=\count303
\c@ALC@line=\count304
\c@ALC@rem=\count305
\c@ALC@depth=\count306
\ALC@tlm=\skip60
\algorithmicindent=\skip61
) (d:/software/texlive/texlive/2022/texmf-dist/tex/latex/breqn/breqn.sty
(d:/software/texlive/texlive/2022/texmf-dist/tex/latex/l3kernel/expl3.sty
Package: expl3 2022-02-24 L3 programming layer (loader) 

(d:/software/texlive/texlive/2022/texmf-dist/tex/latex/l3backend/l3backend-dvip
s.def
File: l3backend-dvips.def 2022-02-07 L3 backend support: dvips
\l__pdf_internal_box=\box66
\g__pdf_backend_object_int=\count307
\l__pdf_backend_content_box=\box67
\l__pdf_backend_model_box=\box68
\g__pdf_backend_annotation_int=\count308
\g__pdf_backend_link_int=\count309
\g__pdf_backend_link_sf_int=\count310
))
Package: breqn 2021/10/28 v0.98l Breaking equations

(d:/software/texlive/texlive/2022/texmf-dist/tex/latex/breqn/flexisym.sty
Package: flexisym 2021/10/28 v0.98l Make math characters macros
LaTeX Info: Redefining \textprime on input line 299.
LaTeX Info: Redefining \not on input line 357.

(d:/software/texlive/texlive/2022/texmf-dist/tex/latex/breqn/cmbase.sym
File: cmbase.sym 2007/12/19 v0.92
LaTeX Info: Redefining \hbar on input line 324.
LaTeX Info: Redefining \surd on input line 326.
LaTeX Info: Redefining \angle on input line 334.
LaTeX Info: Redefining \neq on input line 335.
LaTeX Info: Redefining \mapsto on input line 336.
LaTeX Info: Redefining \cong on input line 337.
LaTeX Info: Redefining \notin on input line 340.
LaTeX Info: Redefining \rightleftharpoons on input line 341.
LaTeX Info: Redefining \doteq on input line 342.
LaTeX Info: Redefining \hookrightarrow on input line 343.
LaTeX Info: Redefining \hookleftarrow on input line 344.
LaTeX Info: Redefining \bowtie on input line 345.
LaTeX Info: Redefining \models on input line 346.
LaTeX Info: Redefining \Longrightarrow on input line 347.
LaTeX Info: Redefining \longrightarrow on input line 348.
LaTeX Info: Redefining \Longleftarrow on input line 349.
LaTeX Info: Redefining \longleftarrow on input line 350.
LaTeX Info: Redefining \longmapsto on input line 351.
LaTeX Info: Redefining \longleftrightarrow on input line 352.
LaTeX Info: Redefining \Longleftrightarrow on input line 353.
LaTeX Info: Redefining \cdots on input line 357.
LaTeX Info: Redefining \vdots on input line 360.
LaTeX Info: Redefining \ddots on input line 365.
)
(d:/software/texlive/texlive/2022/texmf-dist/tex/latex/breqn/mathstyle.sty
Package: mathstyle 2021/10/28 v0.98l Tracking mathstyle implicitly
LaTeX Info: Redefining \displaystyle on input line 95.
LaTeX Info: Redefining \textstyle on input line 97.
LaTeX Info: Redefining \scriptstyle on input line 99.
LaTeX Info: Redefining \scriptscriptstyle on input line 101.
LaTeX Info: Redefining \genfrac on input line 149.
))
\inf@bad=\count311
\maxint=\count312
\listwidth=\dimen261
\eqnumsep=\dimen262
\eqmargin=\dimen263
\eqlinespacing=\skip62
\eqlineskip=\skip63
\eqlineskiplimit=\dimen264
\eqbinoffset=\muskip17
\eqdelimoffset=\muskip18
\eqindentstep=\dimen265
\eqstyle=\toks44
\eqbreakdepth=\count313
\eqinterlinepenalty=\count314
\intereqpenalty=\count315
\intereqskip=\skip64
\prerelpenalty=\count316
\prebinoppenalty=\count317
\Dmedmuskip=\muskip19
\Dthickmuskip=\muskip20
\eqleftskip=\skip65
\eqrightskip=\skip66
\eq@vspan=\skip67
\eq@binoffset=\muskip21
\EQ@box=\box69
\EQ@copy=\box70
\EQ@numbox=\box71
\eq@wdNum=\dimen266
\GRP@numbox=\box72
\grp@wdNum=\dimen267
\eq@lines=\count318
\eq@curline=\count319
\eq@badness=\count320
\EQ@vims=\count321
\eq@dp=\dimen268
\eq@wdL=\dimen269
\eq@wdT=\dimen270
\eq@wdMin=\dimen271
\grp@wdL=\dimen272
\grp@wdR=\dimen273
\grp@wdT=\dimen274
\eq@wdRmax=\dimen275
\eq@firstht=\dimen276
\eq@wdCond=\dimen277
\eq@indentstep=\dimen278
\eq@linewidth=\dimen279
\grp@linewidth=\dimen280
\eq@hshift=\dimen281
\eq@given@sidespace=\dimen282
\mathindent=\dimen283
\eq@final@linecount=\count322
\eq@wdR=\dimen284
\EQ@continue=\toks45
\lr@level=\count323
\GRP@queue=\toks46
\GRP@box=\box73
\GRP@wholebox=\box74
\darraycolsep=\skip68
\cur@row=\count324
\cur@col=\count325
\conditionsep=\skip69
)
(d:/software/texlive/texlive/2022/texmf-dist/tex/latex/caption/subcaption.sty
Package: subcaption 2022/01/07 v1.5 Sub-captions (AR)

(d:/software/texlive/texlive/2022/texmf-dist/tex/latex/caption/caption.sty
Package: caption 2022/03/01 v3.6b Customizing captions (AR)

(d:/software/texlive/texlive/2022/texmf-dist/tex/latex/caption/caption3.sty
Package: caption3 2022/03/17 v2.3b caption3 kernel (AR)
\caption@tempdima=\dimen285
\captionmargin=\dimen286
\caption@leftmargin=\dimen287
\caption@rightmargin=\dimen288
\caption@width=\dimen289
\caption@indent=\dimen290
\caption@parindent=\dimen291
\caption@hangindent=\dimen292
Package caption Info: AMS or SMF document class detected.

(d:/software/texlive/texlive/2022/texmf-dist/tex/latex/caption/caption-ams-smf.
sto
File: caption-ams-smf.sto 2020/08/22 v2.0 Adaption of the caption package to th
e AMS and SMF document classes (AR)
))
\c@caption@flags=\count326
\c@continuedfloat=\count327
Package caption Info: float package is loaded.
)
\c@subfigure=\count328
\c@subtable=\count329
)
(d:/software/texlive/texlive/2022/texmf-dist/tex/latex/multirow/multirow.sty
Package: multirow 2021/03/15 v2.8 Span multiple rows of a table
\multirow@colwidth=\skip70
\multirow@cntb=\count330
\multirow@dima=\skip71
\bigstrutjot=\dimen293
)
(d:/software/texlive/texlive/2022/texmf-dist/tex/latex/psfrag/psfrag.sty
Package: psfrag 1998/04/11 v3.04 PSfrag (MCG)
\pfg@pcount=\count331
\pfg@scount=\count332
\pfg@temp=\write5
)
(d:/software/texlive/texlive/2022/texmf-dist/tex/latex/url/url.sty
\Urlmuskip=\muskip22
Package: url 2013/09/16  ver 3.4  Verb mode for urls, etc.
)
(d:/software/texlive/texlive/2022/texmf-dist/tex/latex/hyperref/hyperref.sty
Package: hyperref 2022-02-21 v7.00n Hypertext links for LaTeX

(d:/software/texlive/texlive/2022/texmf-dist/tex/generic/ltxcmds/ltxcmds.sty
Package: ltxcmds 2020-05-10 v1.25 LaTeX kernel commands for general use (HO)
)
(d:/software/texlive/texlive/2022/texmf-dist/tex/generic/iftex/iftex.sty
Package: iftex 2022/02/03 v1.0f TeX engine tests
)
(d:/software/texlive/texlive/2022/texmf-dist/tex/generic/pdftexcmds/pdftexcmds.
sty
Package: pdftexcmds 2020-06-27 v0.33 Utility functions of pdfTeX for LuaTeX (HO
)

(d:/software/texlive/texlive/2022/texmf-dist/tex/generic/infwarerr/infwarerr.st
y
Package: infwarerr 2019/12/03 v1.5 Providing info/warning/error messages (HO)
)
Package pdftexcmds Info: \pdf@primitive is available.
Package pdftexcmds Info: \pdf@ifprimitive is available.
Package pdftexcmds Info: \pdfdraftmode is ignored in DVI mode.
)
(d:/software/texlive/texlive/2022/texmf-dist/tex/generic/kvsetkeys/kvsetkeys.st
y
Package: kvsetkeys 2019/12/15 v1.18 Key value parser (HO)
)
(d:/software/texlive/texlive/2022/texmf-dist/tex/generic/kvdefinekeys/kvdefinek
eys.sty
Package: kvdefinekeys 2019-12-19 v1.6 Define keys (HO)
)
(d:/software/texlive/texlive/2022/texmf-dist/tex/generic/pdfescape/pdfescape.st
y
Package: pdfescape 2019/12/09 v1.15 Implements pdfTeX's escape features (HO)
) (d:/software/texlive/texlive/2022/texmf-dist/tex/latex/hycolor/hycolor.sty
Package: hycolor 2020-01-27 v1.10 Color options for hyperref/bookmark (HO)
)
(d:/software/texlive/texlive/2022/texmf-dist/tex/latex/letltxmacro/letltxmacro.
sty
Package: letltxmacro 2019/12/03 v1.6 Let assignment for LaTeX macros (HO)
) (d:/software/texlive/texlive/2022/texmf-dist/tex/latex/auxhook/auxhook.sty
Package: auxhook 2019-12-17 v1.6 Hooks for auxiliary files (HO)
)
(d:/software/texlive/texlive/2022/texmf-dist/tex/latex/kvoptions/kvoptions.sty
Package: kvoptions 2020-10-07 v3.14 Key value format for package options (HO)
)
\@linkdim=\dimen294
\Hy@linkcounter=\count333
\Hy@pagecounter=\count334
(d:/software/texlive/texlive/2022/texmf-dist/tex/latex/hyperref/pd1enc.def
File: pd1enc.def 2022-02-21 v7.00n Hyperref: PDFDocEncoding definition (HO)
Now handling font encoding PD1 ...
... no UTF-8 mapping file for font encoding PD1
)
(d:/software/texlive/texlive/2022/texmf-dist/tex/generic/intcalc/intcalc.sty
Package: intcalc 2019/12/15 v1.3 Expandable calculations with integers (HO)
)
(d:/software/texlive/texlive/2022/texmf-dist/tex/generic/etexcmds/etexcmds.sty
Package: etexcmds 2019/12/15 v1.7 Avoid name clashes with e-TeX commands (HO)
)
\Hy@SavedSpaceFactor=\count335
(d:/software/texlive/texlive/2022/texmf-dist/tex/latex/hyperref/puenc.def
File: puenc.def 2022-02-21 v7.00n Hyperref: PDF Unicode definition (HO)
Now handling font encoding PU ...
... no UTF-8 mapping file for font encoding PU
)
Package hyperref Info: Option `colorlinks' set `true' on input line 4018.
Package hyperref Info: Hyper figures OFF on input line 4137.
Package hyperref Info: Link nesting OFF on input line 4142.
Package hyperref Info: Hyper index ON on input line 4145.
Package hyperref Info: Plain pages OFF on input line 4152.
Package hyperref Info: Backreferencing OFF on input line 4157.
Package hyperref Info: Implicit mode ON; LaTeX internals redefined.
Package hyperref Info: Bookmarks ON on input line 4390.
\c@Hy@tempcnt=\count336
LaTeX Info: Redefining \url on input line 4749.
\XeTeXLinkMargin=\dimen295

(d:/software/texlive/texlive/2022/texmf-dist/tex/generic/bitset/bitset.sty
Package: bitset 2019/12/09 v1.3 Handle bit-vector datatype (HO)

(d:/software/texlive/texlive/2022/texmf-dist/tex/generic/bigintcalc/bigintcalc.
sty
Package: bigintcalc 2019/12/15 v1.5 Expandable calculations on big integers (HO
)
))
\Fld@menulength=\count337
\Field@Width=\dimen296
\Fld@charsize=\dimen297
Package hyperref Info: Hyper figures OFF on input line 6027.
Package hyperref Info: Link nesting OFF on input line 6032.
Package hyperref Info: Hyper index ON on input line 6035.
Package hyperref Info: backreferencing OFF on input line 6042.
Package hyperref Info: Link coloring ON on input line 6045.
Package hyperref Info: Link coloring with OCG OFF on input line 6052.
Package hyperref Info: PDF/A mode OFF on input line 6057.
LaTeX Info: Redefining \ref on input line 6097.
LaTeX Info: Redefining \pageref on input line 6101.

(d:/software/texlive/texlive/2022/texmf-dist/tex/latex/base/atbegshi-ltx.sty
Package: atbegshi-ltx 2021/01/10 v1.0c Emulation of the original atbegshi
package with kernel methods
)
\Hy@abspage=\count338
\c@Item=\count339
\c@Hfootnote=\count340
)
Package hyperref Info: Driver (default): hdvips.

(d:/software/texlive/texlive/2022/texmf-dist/tex/latex/hyperref/hdvips.def
File: hdvips.def 2022-02-21 v7.00n Hyperref driver for dvips

(d:/software/texlive/texlive/2022/texmf-dist/tex/latex/hyperref/pdfmark.def
File: pdfmark.def 2022-02-21 v7.00n Hyperref definitions for pdfmark specials
\pdf@docset=\toks47
\pdf@box=\box75
\pdf@toks=\toks48
\pdf@defaulttoks=\toks49
\HyField@AnnotCount=\count341
\Fld@listcount=\count342
\c@bookmark@seq@number=\count343

(d:/software/texlive/texlive/2022/texmf-dist/tex/latex/rerunfilecheck/rerunfile
check.sty
Package: rerunfilecheck 2019/12/05 v1.9 Rerun checks for auxiliary files (HO)

(d:/software/texlive/texlive/2022/texmf-dist/tex/latex/base/atveryend-ltx.sty
Package: atveryend-ltx 2020/08/19 v1.0a Emulation of the original atveryend pac
kage
with kernel methods
)
(d:/software/texlive/texlive/2022/texmf-dist/tex/generic/uniquecounter/uniqueco
unter.sty
Package: uniquecounter 2019/12/15 v1.4 Provide unlimited unique counter (HO)
)
Package uniquecounter Info: New unique counter `rerunfilecheck' on input line 2
86.
)
\Hy@SectionHShift=\skip72
))
(d:/software/texlive/texlive/2022/texmf-dist/tex/latex/cleveref/cleveref.sty
Package: cleveref 2018/03/27 v0.21.4 Intelligent cross-referencing
Package cleveref Info: `hyperref' support loaded on input line 2370.
LaTeX Info: Redefining \cref on input line 2370.
LaTeX Info: Redefining \Cref on input line 2370.
LaTeX Info: Redefining \crefrange on input line 2370.
LaTeX Info: Redefining \Crefrange on input line 2370.
LaTeX Info: Redefining \cpageref on input line 2370.
LaTeX Info: Redefining \Cpageref on input line 2370.
LaTeX Info: Redefining \cpagerefrange on input line 2370.
LaTeX Info: Redefining \Cpagerefrange on input line 2370.
LaTeX Info: Redefining \labelcref on input line 2370.
LaTeX Info: Redefining \labelcpageref on input line 2370.
Package cleveref Info: `amsthm' support loaded on input line 3026.
Package cleveref Info: `breqn' support loaded on input line 3109.
)
(d:/software/texlive/texlive/2022/texmf-dist/tex/latex/booktabs/booktabs.sty
Package: booktabs 2020/01/12 v1.61803398 Publication quality tables
\heavyrulewidth=\dimen298
\lightrulewidth=\dimen299
\cmidrulewidth=\dimen300
\belowrulesep=\dimen301
\belowbottomsep=\dimen302
\aboverulesep=\dimen303
\abovetopsep=\dimen304
\cmidrulesep=\dimen305
\cmidrulekern=\dimen306
\defaultaddspace=\dimen307
\@cmidla=\count344
\@cmidlb=\count345
\@aboverulesep=\dimen308
\@belowrulesep=\dimen309
\@thisruleclass=\count346
\@lastruleclass=\count347
\@thisrulewidth=\dimen310
)
(d:/software/texlive/texlive/2022/texmf-dist/tex/latex/graphics/rotating.sty
Package: rotating 2016/08/11 v2.16d rotated objects in LaTeX
\c@r@tfl@t=\count348
\rotFPtop=\skip73
\rotFPbot=\skip74
\rot@float@box=\box76
\rot@mess@toks=\toks50
)
(d:/software/texlive/texlive/2022/texmf-dist/tex/latex/colortbl/colortbl.sty
Package: colortbl 2020/01/04 v1.0e Color table columns (DPC)

(d:/software/texlive/texlive/2022/texmf-dist/tex/latex/tools/array.sty
Package: array 2021/10/04 v2.5f Tabular extension package (FMi)
\col@sep=\dimen311
\ar@mcellbox=\box77
\extrarowheight=\dimen312
\NC@list=\toks51
\extratabsurround=\skip75
\backup@length=\skip76
\ar@cellbox=\box78
)
\everycr=\toks52
\minrowclearance=\skip77
)
(d:/software/texlive/texlive/2022/texmf-dist/tex/latex/paralist/paralist.sty
Package: paralist 2017/01/22 v2.7 Extended list environments
\pltopsep=\skip78
\plpartopsep=\skip79
\plitemsep=\skip80
\plparsep=\skip81
\pl@lab=\toks53
)
(d:/software/texlive/texlive/2022/texmf-dist/tex/latex/epstopdf-pkg/epstopdf.st
y
Package: epstopdf 2020-01-24 v2.11 Conversion with epstopdf on the fly (HO)
 (d:/software/texlive/texlive/2022/texmf-dist/tex/latex/grfext/grfext.sty
Package: grfext 2019/12/03 v1.3 Manage graphics extensions (HO)
)
(d:/software/texlive/texlive/2022/texmf-dist/tex/latex/epstopdf-pkg/epstopdf-ba
se.sty
Package: epstopdf-base 2020-01-24 v2.11 Base part for package epstopdf


Package epstopdf Warning: Drivers other than `pdftex' and `luatex' are not supp
orted.

)) (d:/software/texlive/texlive/2022/texmf-dist/tex/latex/nag/nag.sty
Package: nag 2011/11/25 0.7 warning about old commands (ulmi)
\c@nag@c=\count349
\c@nag@sins=\count350
)
(d:/software/texlive/texlive/2022/texmf-dist/tex/latex/microtype/microtype.sty
Package: microtype 2022/03/14 v3.0d Micro-typographical refinements (RS)

(d:/software/texlive/texlive/2022/texmf-dist/tex/latex/etoolbox/etoolbox.sty
Package: etoolbox 2020/10/05 v2.5k e-TeX tools for LaTeX (JAW)
\etb@tempcnta=\count351
)
\MT@toks=\toks54
\MT@tempbox=\box79
\MT@count=\count352
LaTeX Info: Redefining \noprotrusionifhmode on input line 1027.
LaTeX Info: Redefining \leftprotrusion on input line 1028.
LaTeX Info: Redefining \rightprotrusion on input line 1036.
LaTeX Info: Redefining \textls on input line 1195.
\MT@outer@kern=\dimen313
LaTeX Info: Redefining \textmicrotypecontext on input line 1781.
\MT@listname@count=\count353

(d:/software/texlive/texlive/2022/texmf-dist/tex/latex/microtype/microtype-pdft
ex.def
File: microtype-pdftex.def 2022/03/14 v3.0d Definitions specific to pdftex (RS)

LaTeX Info: Redefining \lsstyle on input line 900.
LaTeX Info: Redefining \lslig on input line 900.
\MT@outer@space=\skip82
)
Package microtype Info: Loading configuration file microtype.cfg.

(d:/software/texlive/texlive/2022/texmf-dist/tex/latex/microtype/microtype.cfg
File: microtype.cfg 2022/03/14 v3.0d microtype main configuration file (RS)
)) (d:/software/texlive/texlive/2022/texmf-dist/tex/latex/siunitx/siunitx.sty
Package: siunitx 2022-02-15 v3.0.49 A comprehensive (SI) units package
\l__siunitx_angle_tmp_dim=\dimen314
\l__siunitx_angle_marker_box=\box80
\l__siunitx_angle_unit_box=\box81
\l__siunitx_compound_count_int=\count354

(d:/software/texlive/texlive/2022/texmf-dist/tex/latex/translations/translation
s.sty
Package: translations 2022/02/05 v1.12 internationalization of LaTeX2e packages
 (CN)
)
\l__siunitx_number_exponent_fixed_int=\count355
\l__siunitx_number_min_decimal_int=\count356
\l__siunitx_number_min_integer_int=\count357
\l__siunitx_number_round_precision_int=\count358
\l__siunitx_number_group_minimum_int=\count359
\l__siunitx_table_tmp_box=\box82
\l__siunitx_table_tmp_dim=\dimen315
\l__siunitx_table_column_width_dim=\dimen316
\l__siunitx_table_integer_box=\box83
\l__siunitx_table_decimal_box=\box84
\l__siunitx_table_before_box=\box85
\l__siunitx_table_after_box=\box86
\l__siunitx_table_before_dim=\dimen317
\l__siunitx_table_carry_dim=\dimen318
\l__siunitx_unit_tmp_int=\count360
\l__siunitx_unit_position_int=\count361
\l__siunitx_unit_total_int=\count362

(d:/software/texlive/texlive/2022/texmf-dist/tex/latex/l3packages/l3keys2e/l3ke
ys2e.sty
Package: l3keys2e 2022-01-12 LaTeX2e option processing using LaTeX3 keys
))
(d:/software/texlive/texlive/2022/texmf-dist/tex/latex/units/nicefrac.sty
Package: nicefrac 1998/08/04 v0.9b Nice fractions
\L@UnitsRaiseDisplaystyle=\skip83
\L@UnitsRaiseTextstyle=\skip84
\L@UnitsRaiseScriptstyle=\skip85
)
(d:/software/texlive/texlive/2022/texmf-dist/tex/latex/fontawesome/fontawesome.
sty
Package: fontawesome 2016/05/15 v4.6.3.1 font awesome icons
 (d:/software/texlive/texlive/2022/texmf-dist/tex/generic/iftex/ifxetex.sty
Package: ifxetex 2019/10/25 v0.7 ifxetex legacy package. Use iftex instead.
) (d:/software/texlive/texlive/2022/texmf-dist/tex/generic/iftex/ifluatex.sty
Package: ifluatex 2019/10/25 v1.5 ifluatex legacy package. Use iftex instead.
)
(d:/software/texlive/texlive/2022/texmf-dist/tex/latex/fontawesome/fontawesomes
ymbols-generic.tex)
(d:/software/texlive/texlive/2022/texmf-dist/tex/latex/fontawesome/fontawesomes
ymbols-pdftex.tex))
(d:/software/texlive/texlive/2022/texmf-dist/tex/latex/tools/multicol.sty
Package: multicol 2021/10/28 v1.9b multicolumn formatting (FMi)
\c@tracingmulticols=\count363
\mult@box=\box87
\multicol@leftmargin=\dimen319
\c@unbalance=\count364
\c@collectmore=\count365
\doublecol@number=\count366
\multicoltolerance=\count367
\multicolpretolerance=\count368
\full@width=\dimen320
\page@free=\dimen321
\premulticols=\dimen322
\postmulticols=\dimen323
\multicolsep=\skip86
\multicolbaselineskip=\skip87
\partial@page=\box88
\last@line=\box89
\maxbalancingoverflow=\dimen324
\mult@rightbox=\box90
\mult@grightbox=\box91
\mult@firstbox=\box92
\mult@gfirstbox=\box93
\@tempa=\box94
\@tempa=\box95
\@tempa=\box96
\@tempa=\box97
\@tempa=\box98
\@tempa=\box99
\@tempa=\box100
\@tempa=\box101
\@tempa=\box102
\@tempa=\box103
\@tempa=\box104
\@tempa=\box105
\@tempa=\box106
\@tempa=\box107
\@tempa=\box108
\@tempa=\box109
\@tempa=\box110
\@tempa=\box111
\@tempa=\box112
\@tempa=\box113
\@tempa=\box114
\@tempa=\box115
\@tempa=\box116
\@tempa=\box117
\@tempa=\box118
\@tempa=\box119
\@tempa=\box120
\@tempa=\box121
\@tempa=\box122
\@tempa=\box123
\@tempa=\box124
\@tempa=\box125
\@tempa=\box126
\@tempa=\box127
\@tempa=\box128
\@tempa=\box129
\c@minrows=\count369
\c@columnbadness=\count370
\c@finalcolumnbadness=\count371
\last@try=\dimen325
\multicolovershoot=\dimen326
\multicolundershoot=\dimen327
\mult@nat@firstbox=\box130
\colbreak@box=\box131
\mc@col@check@num=\count372
)
(d:/software/texlive/texlive/2022/texmf-dist/tex/latex/wrapfig/wrapfig.sty
\wrapoverhang=\dimen328
\WF@size=\dimen329
\c@WF@wrappedlines=\count373
\WF@box=\box132
\WF@everypar=\toks55
Package: wrapfig 2003/01/31  v 3.6
)
(d:/software/texlive/texlive/2022/texmf-dist/tex/latex/tablefootnote/tablefootn
ote.sty
Package: tablefootnote 2014/01/26 v1.1c Table foot notes (HMM)

(d:/software/texlive/texlive/2022/texmf-dist/tex/latex/xifthen/xifthen.sty
Package: xifthen 2015/11/05 v1.4.0 Extended ifthen features

(d:/software/texlive/texlive/2022/texmf-dist/tex/latex/ifmtarg/ifmtarg.sty
Package: ifmtarg 2018/04/16 v1.2b check for an empty argument
)))
(d:/software/texlive/texlive/2022/texmf-dist/tex/latex/threeparttable/threepart
table.sty
Package: threeparttable 2003/06/13  v 3.0
\@tempboxb=\box133
) (d:/software/texlive/texlive/2022/texmf-dist/tex/latex/cite/cite.sty
LaTeX Info: Redefining \cite on input line 302.
LaTeX Info: Redefining \nocite on input line 332.
Package: cite 2015/02/27  v 5.5
) (d:/software/texlive/texlive/2022/texmf-dist/tex/latex/lipsum/lipsum.sty
Package: lipsum 2021-09-20 v2.7 150 paragraphs of Lorem Ipsum dummy text
\g__lipsum_par_int=\count374
\l__lipsum_a_int=\count375
\l__lipsum_b_int=\count376

(d:/software/texlive/texlive/2022/texmf-dist/tex/latex/lipsum/lipsum.ltd.tex))
(d:/software/texlive/texlive/2022/texmf-dist/tex/generic/babel/babel.sty
Package: babel 2022/02/26 3.73 The Babel package
\babel@savecnt=\count377
\U@D=\dimen330
\l@unhyphenated=\language87

(d:/software/texlive/texlive/2022/texmf-dist/tex/generic/babel/txtbabel.def)
\bbl@readstream=\read3
\bbl@dirlevel=\count378

(d:/software/texlive/texlive/2022/texmf-dist/tex/generic/babel-english/english.
ldf
Language: english 2017/06/06 v3.3r English support from the babel system
Package babel Info: Hyphen rules for 'canadian' set to \l@english
(babel)             (\language0). Reported on input line 102.
Package babel Info: Hyphen rules for 'australian' set to \l@ukenglish
(babel)             (\language21). Reported on input line 105.
Package babel Info: Hyphen rules for 'newzealand' set to \l@ukenglish
(babel)             (\language21). Reported on input line 108.
))
(d:/software/texlive/texlive/2022/texmf-dist/tex/latex/blindtext/blindtext.sty
Package: blindtext 2012/01/06 V2.0 blindtext-Package

(d:/software/texlive/texlive/2022/texmf-dist/tex/latex/tools/xspace.sty
Package: xspace 2014/10/28 v1.13 Space after command names (DPC,MH)
)
\c@blindtext=\count379
\c@Blindtext=\count380
\c@blind@countparstart=\count381
\blind@countxx=\count382
\blindtext@numBlindtext=\count383
\blind@countyy=\count384
\c@blindlist=\count385
\c@blindlistlevel=\count386
\c@blindlist@level=\count387
\blind@listitem=\count388
\c@blind@listcount=\count389
\c@blind@levelcount=\count390
\blind@mathformula=\count391
\blind@Mathformula=\count392
\c@blind@randomcount=\count393
\c@blind@randommax=\count394
\c@blind@pangramcount=\count395
\c@blind@pangrammax=\count396
)
(d:/software/texlive/texlive/2022/texmf-dist/tex/generic/pgf/frontendlayer/tikz
/libraries/tikzlibraryfit.code.tex
File: tikzlibraryfit.code.tex 2021/05/15 v3.1.9a (3.1.9a)
)
(d:/software/texlive/texlive/2022/texmf-dist/tex/generic/pgf/libraries/pgflibra
ryarrows.meta.code.tex
File: pgflibraryarrows.meta.code.tex 2021/05/15 v3.1.9a (3.1.9a)
\pgfarrowinset=\dimen331
\pgfarrowlength=\dimen332
\pgfarrowwidth=\dimen333
\pgfarrowlinewidth=\dimen334
)
(d:/software/texlive/texlive/2022/texmf-dist/tex/generic/pgf/frontendlayer/tikz
/libraries/tikzlibraryshapes.code.tex
File: tikzlibraryshapes.code.tex 2021/05/15 v3.1.9a (3.1.9a)

(d:/software/texlive/texlive/2022/texmf-dist/tex/generic/pgf/frontendlayer/tikz
/libraries/tikzlibraryshapes.geometric.code.tex
File: tikzlibraryshapes.geometric.code.tex 2021/05/15 v3.1.9a (3.1.9a)

(d:/software/texlive/texlive/2022/texmf-dist/tex/generic/pgf/libraries/shapes/p
gflibraryshapes.geometric.code.tex
File: pgflibraryshapes.geometric.code.tex 2021/05/15 v3.1.9a (3.1.9a)
))
(d:/software/texlive/texlive/2022/texmf-dist/tex/generic/pgf/frontendlayer/tikz
/libraries/tikzlibraryshapes.misc.code.tex
File: tikzlibraryshapes.misc.code.tex 2021/05/15 v3.1.9a (3.1.9a)

(d:/software/texlive/texlive/2022/texmf-dist/tex/generic/pgf/libraries/shapes/p
gflibraryshapes.misc.code.tex
File: pgflibraryshapes.misc.code.tex 2021/05/15 v3.1.9a (3.1.9a)
))
(d:/software/texlive/texlive/2022/texmf-dist/tex/generic/pgf/frontendlayer/tikz
/libraries/tikzlibraryshapes.symbols.code.tex
File: tikzlibraryshapes.symbols.code.tex 2021/05/15 v3.1.9a (3.1.9a)

(d:/software/texlive/texlive/2022/texmf-dist/tex/generic/pgf/libraries/shapes/p
gflibraryshapes.symbols.code.tex
File: pgflibraryshapes.symbols.code.tex 2021/05/15 v3.1.9a (3.1.9a)
))
(d:/software/texlive/texlive/2022/texmf-dist/tex/generic/pgf/frontendlayer/tikz
/libraries/tikzlibraryshapes.arrows.code.tex
File: tikzlibraryshapes.arrows.code.tex 2021/05/15 v3.1.9a (3.1.9a)

(d:/software/texlive/texlive/2022/texmf-dist/tex/generic/pgf/libraries/shapes/p
gflibraryshapes.arrows.code.tex
File: pgflibraryshapes.arrows.code.tex 2021/05/15 v3.1.9a (3.1.9a)
))
(d:/software/texlive/texlive/2022/texmf-dist/tex/generic/pgf/frontendlayer/tikz
/libraries/tikzlibraryshapes.callouts.code.tex
(d:/software/texlive/texlive/2022/texmf-dist/tex/generic/pgf/libraries/shapes/p
gflibraryshapes.callouts.code.tex))
(d:/software/texlive/texlive/2022/texmf-dist/tex/generic/pgf/frontendlayer/tikz
/libraries/tikzlibraryshapes.multipart.code.tex
File: tikzlibraryshapes.multipart.code.tex 2021/05/15 v3.1.9a (3.1.9a)

(d:/software/texlive/texlive/2022/texmf-dist/tex/generic/pgf/libraries/shapes/p
gflibraryshapes.multipart.code.tex
File: pgflibraryshapes.multipart.code.tex 2021/05/15 v3.1.9a (3.1.9a)
\pgfnodepartlowerbox=\box134
\pgfnodeparttwobox=\box135
\pgfnodepartthreebox=\box136
\pgfnodepartfourbox=\box137
\pgfnodeparttwentybox=\box138
\pgfnodepartnineteenbox=\box139
\pgfnodeparteighteenbox=\box140
\pgfnodepartseventeenbox=\box141
\pgfnodepartsixteenbox=\box142
\pgfnodepartfifteenbox=\box143
\pgfnodepartfourteenbox=\box144
\pgfnodepartthirteenbox=\box145
\pgfnodeparttwelvebox=\box146
\pgfnodepartelevenbox=\box147
\pgfnodeparttenbox=\box148
\pgfnodepartninebox=\box149
\pgfnodeparteightbox=\box150
\pgfnodepartsevenbox=\box151
\pgfnodepartsixbox=\box152
\pgfnodepartfivebox=\box153
)))
(d:/software/texlive/texlive/2022/texmf-dist/tex/generic/pgf/frontendlayer/tikz
/libraries/tikzlibraryarrows.code.tex
File: tikzlibraryarrows.code.tex 2021/05/15 v3.1.9a (3.1.9a)

(d:/software/texlive/texlive/2022/texmf-dist/tex/generic/pgf/libraries/pgflibra
ryarrows.code.tex
File: pgflibraryarrows.code.tex 2021/05/15 v3.1.9a (3.1.9a)
\arrowsize=\dimen335
)) Including 'TulipStyle' comment.
\openout3 = `comment.cut'.


Straight input of comment.cut. (./comment.cut
(d:/software/texlive/texlive/2022/texmf-dist/tex/latex/natbib/natbib.sty
Package: natbib 2010/09/13 8.31b (PWD, AO)


Package natbib Warning: The `cite' package should not be used
(natbib)                with natbib. Use option `sort' instead.

\bibhang=\skip88
\bibsep=\skip89
LaTeX Info: Redefining \cite on input line 694.
LaTeX Info: Redefining \citenum on input line 708.
\c@NAT@ctr=\count397
) (d:/software/texlive/texlive/2022/texmf-dist/tex/latex/gitinfo2/gitinfo2.sty
Package: gitinfo2 2015/11/22 v2.0.7 git revision information

(d:/software/texlive/texlive/2022/texmf-dist/tex/generic/xstring/xstring.sty
(d:/software/texlive/texlive/2022/texmf-dist/tex/generic/xstring/xstring.tex
\integerpart=\count398
\decimalpart=\count399
)
Package: xstring 2021/07/21 v1.84 String manipulations (CT)
)
(d:/software/texlive/texlive/2022/texmf-dist/tex/latex/eso-pic/eso-pic.sty
Package: eso-pic 2020/10/14 v3.0a eso-pic (RN)
\ESO@tempdima=\dimen336
\ESO@tempdimb=\dimen337
)

Package gitinfo2 Warning: I can't find the file '.git/gitHeadInfo.gin'.
(gitinfo2)                All git metadata has been set to '(None)'.

) (d:/software/texlive/texlive/2022/texmf-dist/tex/latex/fancyhdr/fancyhdr.sty
Package: fancyhdr 2021/01/28 v4.0.1 Extensive control of page headers and foote
rs
\f@nch@headwidth=\skip90
\f@nch@O@elh=\skip91
\f@nch@O@erh=\skip92
\f@nch@O@olh=\skip93
\f@nch@O@orh=\skip94
\f@nch@O@elf=\skip95
\f@nch@O@erf=\skip96
\f@nch@O@olf=\skip97
\f@nch@O@orf=\skip98
) (d:/software/texlive/texlive/2022/texmf-dist/tex/latex/mathtools/mathtools.st
y
Package: mathtools 2022/02/07 v1.28a mathematical typesetting tools
(d:/software/texlive/texlive/2022/texmf-dist/tex/latex/mathtools/mhsetup.sty
Package: mhsetup 2021/03/18 v1.4 programming setup (MH)
)
\g_MT_multlinerow_int=\count400
\l_MT_multwidth_dim=\dimen338
\origjot=\skip99
\l_MT_shortvdotswithinadjustabove_dim=\dimen339
\l_MT_shortvdotswithinadjustbelow_dim=\dimen340
\l_MT_above_intertext_sep=\dimen341
\l_MT_below_intertext_sep=\dimen342
\l_MT_above_shortintertext_sep=\dimen343
\l_MT_below_shortintertext_sep=\dimen344
\xmathstrut@box=\box154
\xmathstrut@dim=\dimen345
)
\c@thm=\count401
\c@Remark=\count402
\c@proposition=\count403
\c@theorem=\count404
\c@lemma=\count405
\c@corollary=\count406
\c@example=\count407
\c@definition=\count408
\c@Algorithms=\count409
)) (./kaggle-report.aux)
\openout1 = `kaggle-report.aux'.

LaTeX Font Info:    Checking defaults for OML/cmm/m/it on input line 24.
LaTeX Font Info:    ... okay on input line 24.
LaTeX Font Info:    Checking defaults for OMS/cmsy/m/n on input line 24.
LaTeX Font Info:    ... okay on input line 24.
LaTeX Font Info:    Checking defaults for OT1/cmr/m/n on input line 24.
LaTeX Font Info:    ... okay on input line 24.
LaTeX Font Info:    Checking defaults for T1/cmr/m/n on input line 24.
LaTeX Font Info:    ... okay on input line 24.
LaTeX Font Info:    Checking defaults for TS1/cmr/m/n on input line 24.
LaTeX Font Info:    ... okay on input line 24.
LaTeX Font Info:    Checking defaults for OMX/cmex/m/n on input line 24.
LaTeX Font Info:    ... okay on input line 24.
LaTeX Font Info:    Checking defaults for U/cmr/m/n on input line 24.
LaTeX Font Info:    ... okay on input line 24.
LaTeX Font Info:    Checking defaults for PD1/pdf/m/n on input line 24.
LaTeX Font Info:    ... okay on input line 24.
LaTeX Font Info:    Checking defaults for PU/pdf/m/n on input line 24.
LaTeX Font Info:    ... okay on input line 24.
LaTeX Font Info:    Trying to load font information for U+msa on input line 24.


(d:/software/texlive/texlive/2022/texmf-dist/tex/latex/amsfonts/umsa.fd
File: umsa.fd 2013/01/14 v3.01 AMS symbols A
)
LaTeX Font Info:    Trying to load font information for U+msb on input line 24.


(d:/software/texlive/texlive/2022/texmf-dist/tex/latex/amsfonts/umsb.fd
File: umsb.fd 2013/01/14 v3.01 AMS symbols B
)
Package caption Info: Begin \AtBeginDocument code.
Package caption Info: hyperref package is loaded.
Package caption Info: rotating package is loaded.
Package caption Info: threeparttable package is loaded.
Package caption Info: wrapfig package is loaded.
Package caption Info: End \AtBeginDocument code.
Package hyperref Info: Link coloring ON on input line 24.

(d:/software/texlive/texlive/2022/texmf-dist/tex/latex/hyperref/nameref.sty
Package: nameref 2021-04-02 v2.47 Cross-referencing by name of section

(d:/software/texlive/texlive/2022/texmf-dist/tex/latex/refcount/refcount.sty
Package: refcount 2019/12/15 v3.6 Data extraction from label references (HO)
)
(d:/software/texlive/texlive/2022/texmf-dist/tex/generic/gettitlestring/gettitl
estring.sty
Package: gettitlestring 2019/12/15 v1.6 Cleanup title references (HO)
)
\c@section@level=\count410
)
LaTeX Info: Redefining \ref on input line 24.
LaTeX Info: Redefining \pageref on input line 24.
LaTeX Info: Redefining \nameref on input line 24.
 (./kaggle-report.out) (./kaggle-report.out)
\@outlinefile=\write6
\openout6 = `kaggle-report.out'.

LaTeX Info: Redefining \microtypecontext on input line 24.
Package microtype Info: Applying patch `item' on input line 24.
Package microtype Info: Applying patch `toc' on input line 24.
Package microtype Info: Applying patch `eqnum' on input line 24.
Package microtype Info: Applying patch `footnote' on input line 24.
Package microtype Info: Generating DVI output.
Package microtype Info: Character protrusion enabled (level 2).
Package microtype Info: Using default protrusion set `alltext'.
Package microtype Info: No font expansion.
Package microtype Info: No adjustment of tracking.
Package microtype Info: No adjustment of interword spacing.
Package microtype Info: No adjustment of character kerning.

(d:/software/texlive/texlive/2022/texmf-dist/tex/latex/microtype/mt-cmr.cfg
File: mt-cmr.cfg 2013/05/19 v2.2 microtype config. file: Computer Modern Roman 
(RS)
)
(d:/software/texlive/texlive/2022/texmf-dist/tex/latex/translations/translation
s-basic-dictionary-english.trsl
File: translations-basic-dictionary-english.trsl (english translation file `tra
nslations-basic-dictionary')
)
Package translations Info: loading dictionary `translations-basic-dictionary' f
or `english'. on input line 24.
 (./tex/abstract.tex) (./kaggle-report.toc)
\tf@toc=\write7
\openout7 = `kaggle-report.toc'.


[1] (./tex/mainbody.tex
(d:/software/texlive/texlive/2022/texmf-dist/tex/latex/microtype/mt-msa.cfg
File: mt-msa.cfg 2006/02/04 v1.1 microtype config. file: AMS symbols (a) (RS)
)
(d:/software/texlive/texlive/2022/texmf-dist/tex/latex/microtype/mt-msb.cfg
File: mt-msb.cfg 2005/06/01 v1.0 microtype config. file: AMS symbols (b) (RS)
)
File: overview.eps Graphic file (type eps)

<overview.eps>
Underfull \vbox (badness 4266) has occurred while \output is active []

File: ./graphics/logos/tulip-logo.eps Graphic file (type eps)

<./graphics/logos/tulip-logo.eps>

Package fancyhdr Warning: \footskip is too small (12.0pt): 
(fancyhdr)                Make it at least 14.79996pt, for example:
(fancyhdr)                \setlength{\footskip}{14.79996pt}.

[2]
File: duplicate.eps Graphic file (type eps)
 <duplicate.eps>
File: outliers1.eps Graphic file (type eps)
 <outliers1.eps>
File: outliers2.eps Graphic file (type eps)
 <outliers2.eps>
File: outliers3.eps Graphic file (type eps)
 <outliers3.eps>

LaTeX Warning: `h' float specifier changed to `ht'.

File: ./graphics/logos/tulip-logo.eps Graphic file (type eps)
<./graphics/logos/tulip-logo.eps>

Package fancyhdr Warning: \footskip is too small (12.0pt): 
(fancyhdr)                Make it at least 14.79996pt, for example:
(fancyhdr)                \setlength{\footskip}{14.79996pt}.

[3]
File: trip_duration.eps Graphic file (type eps)
 <trip_duration.eps>
File: logtrip_duration).eps Graphic file (type eps)
 <logtrip_duration).eps>
File: distance.eps Graphic file (type eps)
 <distance.eps>
File: speed.eps Graphic file (type eps)
 <speed.eps>
File: correlations between variables.eps Graphic file (type eps)

<correlations between variables.eps>
Underfull \hbox (badness 10000) in paragraph at lines 234--271

 []


LaTeX Warning: `h' float specifier changed to `ht'.


LaTeX Warning: `h' float specifier changed to `ht'.


LaTeX Warning: `h' float specifier changed to `ht'.


LaTeX Warning: `h' float specifier changed to `ht'.

File: ./graphics/logos/tulip-logo.eps Graphic file (type eps)
<./graphics/logos/tulip-logo.eps>

Package fancyhdr Warning: \footskip is too small (12.0pt): 
(fancyhdr)                Make it at least 14.79996pt, for example:
(fancyhdr)                \setlength{\footskip}{14.79996pt}.

[4]
File: ./graphics/logos/tulip-logo.eps Graphic file (type eps)
 <./graphics/logos/tulip-logo.eps>

Package fancyhdr Warning: \footskip is too small (12.0pt): 
(fancyhdr)                Make it at least 14.79996pt, for example:
(fancyhdr)                \setlength{\footskip}{14.79996pt}.

[5]
File: predict_result.eps Graphic file (type eps)
 <predict_result.eps>)
Package microtype Info: Loading generic protrusion settings for font family
(microtype)             `cmtt' (encoding: OT1).
(microtype)             For optimal results, create family-specific settings.
(microtype)             See the microtype manual for details.
File: ./graphics/logos/tulip-logo.eps Graphic file (type eps)
 <./graphics/logos/tulip-logo.eps>

Package fancyhdr Warning: \footskip is too small (12.0pt): 
(fancyhdr)                Make it at least 14.79996pt, for example:
(fancyhdr)                \setlength{\footskip}{14.79996pt}.

[6]
No complaints by nag.
(./kaggle-report.aux)
Package rerunfilecheck Info: File `kaggle-report.out' has not changed.
(rerunfilecheck)             Checksum: 623D2595688036E50C6DA03846DF082D;1109.
 ) 
Here is how much of TeX's memory you used:
 38320 strings out of 478269
 784911 string characters out of 5841888
 1201013 words of memory out of 5000000
 55723 multiletter control sequences out of 15000+600000
 475841 words of font info for 54 fonts, out of 8000000 for 9000
 1302 hyphenation exceptions out of 8191
 120i,12n,134p,1010b,802s stack positions out of 10000i,1000n,20000p,200000b,200000s

Output written on kaggle-report.dvi (6 pages, 34252 bytes).
